<?xml version="1.0" encoding="UTF-8"?>
<!-- Generated by org.testng.reporters.JUnitXMLReporter -->
<testsuite ignored="0" hostname="DESKTOP-UBR0902" failures="1" tests="21" name="FireFOx" time="145.814" errors="0" timestamp="2022-06-07T16:10:30 CDT">
  <testcase classname="com.dsportal.qa.testcases.QueueOperationsPgTest" name="@BeforeMethod setup" time="25.682">
    <failure type="org.openqa.selenium.NoSuchElementException" message="no such element: Unable to locate element: {&amp;quot;method&amp;quot;:&amp;quot;xpath&amp;quot;,&amp;quot;selector&amp;quot;:&amp;quot;//a[contains(text(),&amp;apos;Queue Operations&amp;apos;)]&amp;quot;}
  (Session info: chrome=101.0.4951.67)
For documentation on this error, please visit: https://selenium.dev/exceptions/#no_such_element
Build info: version: &amp;apos;4.1.3&amp;apos;, revision: &amp;apos;7b1ebf28ef&amp;apos;
System info: host: &amp;apos;DESKTOP-UBR0902&amp;apos;, ip: &amp;apos;192.168.0.23&amp;apos;, os.name: &amp;apos;Windows 11&amp;apos;, os.arch: &amp;apos;amd64&amp;apos;, os.version: &amp;apos;10.0&amp;apos;, java.version: &amp;apos;17.0.2&amp;apos;
Driver info: org.openqa.selenium.chrome.ChromeDriver
Command: [a7a0b138af33353c44c67cc079d1c186, findElement {using=xpath, value=//a[contains(text(),&amp;apos;Queue Operations&amp;apos;)]}]
Capabilities {acceptInsecureCerts: false, browserName: chrome, browserVersion: 101.0.4951.67, chrome: {chromedriverVersion: 101.0.4951.41 (93c720db8323..., userDataDir: C:\Users\rupal\AppData\Loca...}, goog:chromeOptions: {debuggerAddress: localhost:55105}, javascriptEnabled: true, networkConnectionEnabled: false, pageLoadStrategy: normal, platform: WINDOWS, platformName: WINDOWS, proxy: Proxy(), se:cdp: ws://localhost:55105/devtoo..., se:cdpVersion: 101.0.4951.67, setWindowRect: true, strictFileInteractability: false, timeouts: {implicit: 0, pageLoad: 300000, script: 30000}, unhandledPromptBehavior: dismiss and notify, webauthn:extension:credBlob: true, webauthn:extension:largeBlob: true, webauthn:virtualAuthenticators: true}
Session ID: a7a0b138af33353c44c67cc079d1c186">
      <![CDATA[org.openqa.selenium.NoSuchElementException: no such element: Unable to locate element: {"method":"xpath","selector":"//a[contains(text(),'Queue Operations')]"}
  (Session info: chrome=101.0.4951.67)
For documentation on this error, please visit: https://selenium.dev/exceptions/#no_such_element
Build info: version: '4.1.3', revision: '7b1ebf28ef'
System info: host: 'DESKTOP-UBR0902', ip: '192.168.0.23', os.name: 'Windows 11', os.arch: 'amd64', os.version: '10.0', java.version: '17.0.2'
Driver info: org.openqa.selenium.chrome.ChromeDriver
Command: [a7a0b138af33353c44c67cc079d1c186, findElement {using=xpath, value=//a[contains(text(),'Queue Operations')]}]
Capabilities {acceptInsecureCerts: false, browserName: chrome, browserVersion: 101.0.4951.67, chrome: {chromedriverVersion: 101.0.4951.41 (93c720db8323..., userDataDir: C:\Users\rupal\AppData\Loca...}, goog:chromeOptions: {debuggerAddress: localhost:55105}, javascriptEnabled: true, networkConnectionEnabled: false, pageLoadStrategy: normal, platform: WINDOWS, platformName: WINDOWS, proxy: Proxy(), se:cdp: ws://localhost:55105/devtoo..., se:cdpVersion: 101.0.4951.67, setWindowRect: true, strictFileInteractability: false, timeouts: {implicit: 0, pageLoad: 300000, script: 30000}, unhandledPromptBehavior: dismiss and notify, webauthn:extension:credBlob: true, webauthn:extension:largeBlob: true, webauthn:virtualAuthenticators: true}
Session ID: a7a0b138af33353c44c67cc079d1c186
at org.openqa.selenium.remote.codec.w3c.W3CHttpResponseCodec.createException(W3CHttpResponseCodec.java:200)
at org.openqa.selenium.remote.codec.w3c.W3CHttpResponseCodec.decode(W3CHttpResponseCodec.java:133)
at org.openqa.selenium.remote.codec.w3c.W3CHttpResponseCodec.decode(W3CHttpResponseCodec.java:53)
at org.openqa.selenium.remote.HttpCommandExecutor.execute(HttpCommandExecutor.java:184)
at org.openqa.selenium.remote.service.DriverCommandExecutor.invokeExecute(DriverCommandExecutor.java:167)
at org.openqa.selenium.remote.service.DriverCommandExecutor.execute(DriverCommandExecutor.java:142)
at org.openqa.selenium.remote.RemoteWebDriver.execute(RemoteWebDriver.java:567)
at org.openqa.selenium.remote.ElementLocation$ElementFinder$2.findElement(ElementLocation.java:162)
at org.openqa.selenium.remote.ElementLocation.findElement(ElementLocation.java:60)
at org.openqa.selenium.remote.RemoteWebDriver.findElement(RemoteWebDriver.java:385)
at org.openqa.selenium.remote.RemoteWebDriver.findElement(RemoteWebDriver.java:377)
at org.openqa.selenium.support.pagefactory.DefaultElementLocator.findElement(DefaultElementLocator.java:70)
at org.openqa.selenium.support.pagefactory.internal.LocatingElementHandler.invoke(LocatingElementHandler.java:39)
at jdk.proxy2/jdk.proxy2.$Proxy19.click(Unknown Source)
at com.dsportal.qa.pages.QueuePage.OpenQueueOperations(QueuePage.java:62)
at com.dsportal.qa.testcases.QueueOperationsPgTest.setup(QueueOperationsPgTest.java:48)
at java.base/java.util.ArrayList.forEach(ArrayList.java:1511)
at java.base/java.util.concurrent.FutureTask.run(FutureTask.java:264)
at java.base/java.util.concurrent.ThreadPoolExecutor.runWorker(ThreadPoolExecutor.java:1136)
at java.base/java.util.concurrent.ThreadPoolExecutor$Worker.run(ThreadPoolExecutor.java:635)
at java.base/java.lang.Thread.run(Thread.java:833)
... Removed 27 stack frames]]>
    </failure>
  </testcase> <!-- @BeforeMethod setup -->
  <testcase classname="com.dsportal.qa.testcases.QueueOperationsPgTest" name="@AfterMethod teardown" time="-1.654636110882E9">
    <skipped/>
  </testcase> <!-- @AfterMethod teardown -->
  <testcase classname="com.dsportal.qa.testcases.CollectiondqueuePgTest" name="@BeforeMethod setup" time="49.929">
    <failure type="org.openqa.selenium.NoSuchElementException" message="Unable to find element with locator By.xpath: //a[contains(text(),&amp;apos;Implementation using collections.deque&amp;apos;)]
For documentation on this error, please visit: https://selenium.dev/exceptions/#no_such_element
Build info: version: &amp;apos;4.1.3&amp;apos;, revision: &amp;apos;7b1ebf28ef&amp;apos;
System info: host: &amp;apos;DESKTOP-UBR0902&amp;apos;, ip: &amp;apos;192.168.0.23&amp;apos;, os.name: &amp;apos;Windows 11&amp;apos;, os.arch: &amp;apos;amd64&amp;apos;, os.version: &amp;apos;10.0&amp;apos;, java.version: &amp;apos;17.0.2&amp;apos;
Driver info: driver.version: RemoteWebDriver">
      <![CDATA[org.openqa.selenium.NoSuchElementException: Unable to find element with locator By.xpath: //a[contains(text(),'Implementation using collections.deque')]
For documentation on this error, please visit: https://selenium.dev/exceptions/#no_such_element
Build info: version: '4.1.3', revision: '7b1ebf28ef'
System info: host: 'DESKTOP-UBR0902', ip: '192.168.0.23', os.name: 'Windows 11', os.arch: 'amd64', os.version: '10.0', java.version: '17.0.2'
Driver info: driver.version: RemoteWebDriver
at org.openqa.selenium.remote.ElementLocation$ElementFinder$2.findElement(ElementLocation.java:165)
at org.openqa.selenium.remote.ElementLocation.findElement(ElementLocation.java:60)
at org.openqa.selenium.remote.RemoteWebDriver.findElement(RemoteWebDriver.java:385)
at org.openqa.selenium.remote.RemoteWebDriver.findElement(RemoteWebDriver.java:377)
at org.openqa.selenium.support.pagefactory.DefaultElementLocator.findElement(DefaultElementLocator.java:70)
at org.openqa.selenium.support.pagefactory.internal.LocatingElementHandler.invoke(LocatingElementHandler.java:39)
at jdk.proxy2/jdk.proxy2.$Proxy19.click(Unknown Source)
at com.dsportal.qa.pages.QueuePage.OpenCollectiondqueue(QueuePage.java:49)
at com.dsportal.qa.testcases.CollectiondqueuePgTest.setup(CollectiondqueuePgTest.java:48)
at java.base/java.util.ArrayList.forEach(ArrayList.java:1511)
at java.base/java.util.concurrent.FutureTask.run(FutureTask.java:264)
at java.base/java.util.concurrent.ThreadPoolExecutor.runWorker(ThreadPoolExecutor.java:1136)
at java.base/java.util.concurrent.ThreadPoolExecutor$Worker.run(ThreadPoolExecutor.java:635)
at java.base/java.lang.Thread.run(Thread.java:833)
... Removed 22 stack frames]]>
    </failure>
  </testcase> <!-- @BeforeMethod setup -->
  <testcase classname="com.dsportal.qa.testcases.CollectiondqueuePgTest" name="@AfterMethod teardown" time="-1.654636160853E9">
    <skipped/>
  </testcase> <!-- @AfterMethod teardown -->
  <testcase classname="com.dsportal.qa.testcases.ImplimentationOfQueuePgTest" name="@BeforeMethod setup" time="14.649">
    <failure type="org.openqa.selenium.NoSuchElementException" message="Unable to find element with locator By.xpath: //a[contains(text(),&amp;apos;Implementation of Queue in Python&amp;apos;)]
For documentation on this error, please visit: https://selenium.dev/exceptions/#no_such_element
Build info: version: &amp;apos;4.1.3&amp;apos;, revision: &amp;apos;7b1ebf28ef&amp;apos;
System info: host: &amp;apos;DESKTOP-UBR0902&amp;apos;, ip: &amp;apos;192.168.0.23&amp;apos;, os.name: &amp;apos;Windows 11&amp;apos;, os.arch: &amp;apos;amd64&amp;apos;, os.version: &amp;apos;10.0&amp;apos;, java.version: &amp;apos;17.0.2&amp;apos;
Driver info: driver.version: RemoteWebDriver">
      <![CDATA[org.openqa.selenium.NoSuchElementException: Unable to find element with locator By.xpath: //a[contains(text(),'Implementation of Queue in Python')]
For documentation on this error, please visit: https://selenium.dev/exceptions/#no_such_element
Build info: version: '4.1.3', revision: '7b1ebf28ef'
System info: host: 'DESKTOP-UBR0902', ip: '192.168.0.23', os.name: 'Windows 11', os.arch: 'amd64', os.version: '10.0', java.version: '17.0.2'
Driver info: driver.version: RemoteWebDriver
at org.openqa.selenium.remote.ElementLocation$ElementFinder$2.findElement(ElementLocation.java:165)
at org.openqa.selenium.remote.ElementLocation.findElement(ElementLocation.java:60)
at org.openqa.selenium.remote.RemoteWebDriver.findElement(RemoteWebDriver.java:385)
at org.openqa.selenium.remote.RemoteWebDriver.findElement(RemoteWebDriver.java:377)
at org.openqa.selenium.support.pagefactory.DefaultElementLocator.findElement(DefaultElementLocator.java:70)
at org.openqa.selenium.support.pagefactory.internal.LocatingElementHandler.invoke(LocatingElementHandler.java:39)
at jdk.proxy2/jdk.proxy2.$Proxy19.click(Unknown Source)
at com.dsportal.qa.pages.QueuePage.OpenImplimentationOfQueue(QueuePage.java:42)
at com.dsportal.qa.testcases.ImplimentationOfQueuePgTest.setup(ImplimentationOfQueuePgTest.java:48)
at java.base/java.util.ArrayList.forEach(ArrayList.java:1511)
at java.base/java.util.concurrent.FutureTask.run(FutureTask.java:264)
at java.base/java.util.concurrent.ThreadPoolExecutor.runWorker(ThreadPoolExecutor.java:1136)
at java.base/java.util.concurrent.ThreadPoolExecutor$Worker.run(ThreadPoolExecutor.java:635)
at java.base/java.lang.Thread.run(Thread.java:833)
... Removed 22 stack frames]]>
    </failure>
  </testcase> <!-- @BeforeMethod setup -->
  <testcase classname="com.dsportal.qa.testcases.ImplimentationOfQueuePgTest" name="@AfterMethod teardown" time="-1.654636175569E9">
    <skipped/>
  </testcase> <!-- @AfterMethod teardown -->
  <testcase classname="com.dsportal.qa.testcases.QueueOperationsPgTest" name="QueueOperationEditorTest" time="0.0">
    <skipped/>
  </testcase> <!-- QueueOperationEditorTest -->
  <testcase classname="com.dsportal.qa.testcases.CollectiondqueuePgTest" name="CollectionDqueueEditorTest" time="0.0">
    <skipped/>
  </testcase> <!-- CollectionDqueueEditorTest -->
  <testcase classname="com.dsportal.qa.testcases.ImplimentationOfQueuePgTest" name="ImplOfQueueEditorTest" time="0.0">
    <skipped/>
  </testcase> <!-- ImplOfQueueEditorTest -->
  <testcase classname="com.dsportal.qa.testcases.ImplimentationUsingArrayPgTest" name="ImplOfQueueEditorTest" time="1.277"/>
  <testcase classname="com.dsportal.qa.testcases.GetStartedPageTest" name="titlevalidation" time="0.024"/>
  <testcase classname="com.dsportal.qa.testcases.HomePageTest" name="HomepgtitleValidationTest" time="0.006"/>
  <testcase classname="com.dsportal.qa.testcases.QueuePageTest" name="ValidationOfQueuePgTest" time="0.01"/>
  <testcase classname="com.dsportal.qa.testcases.GetStartedPageTest" name="LandonHomePage" time="2.542"/>
  <testcase classname="com.dsportal.qa.testcases.HomePageTest" name="clickonDropdownTest" time="0.086"/>
  <testcase classname="com.dsportal.qa.testcases.QueuePageTest" name="OpenImplimentationOfQueueTest" time="0.286"/>
  <testcase classname="com.dsportal.qa.testcases.HomePageTest" name="ClickWithoutLoginTest" time="0.352"/>
  <testcase classname="com.dsportal.qa.testcases.QueuePageTest" name="OpenCollectiondqueueTest" time="0.236"/>
  <testcase classname="com.dsportal.qa.testcases.HomePageTest" name="OpenRegPageTest" time="0.212"/>
  <testcase classname="com.dsportal.qa.testcases.QueuePageTest" name="OpenImplimentationUsingArrayTest" time="0.257"/>
  <testcase classname="com.dsportal.qa.testcases.HomePageTest" name="ConfirmRegitrationTest" time="0.724">
    <failure type="java.lang.AssertionError" message="expected [New Account Created. You are logged in as SDETAutomation3355] but found [password_mismatch:The two password fields didn’t match.]">
      <![CDATA[java.lang.AssertionError: expected [New Account Created. You are logged in as SDETAutomation3355] but found [password_mismatch:The two password fields didn’t match.]
at com.dsportal.qa.testcases.HomePageTest.ConfirmRegitrationTest(HomePageTest.java:90)
at java.base/java.util.ArrayList.forEach(ArrayList.java:1511)
at java.base/java.util.concurrent.FutureTask.run(FutureTask.java:264)
at java.base/java.util.concurrent.ThreadPoolExecutor.runWorker(ThreadPoolExecutor.java:1136)
at java.base/java.util.concurrent.ThreadPoolExecutor$Worker.run(ThreadPoolExecutor.java:635)
at java.base/java.lang.Thread.run(Thread.java:833)
... Removed 24 stack frames]]>
    </failure>
  </testcase> <!-- ConfirmRegitrationTest -->
  <testcase classname="com.dsportal.qa.testcases.QueuePageTest" name="OpenQueueOperationsTest" time="0.419"/>
  <testcase classname="com.dsportal.qa.testcases.HomePageTest" name="OpenSignInPageTest" time="0.189"/>
  <testcase classname="com.dsportal.qa.testcases.HomePageTest" name="UserSigninValidationTest" time="1.036"/>
  <testcase classname="com.dsportal.qa.testcases.HomePageTest" name="VerifyUsernameTest" time="1.134"/>
  <testcase classname="com.dsportal.qa.testcases.HomePageTest" name="OpenQueuePgTest" time="1.303"/>
  <testcase classname="com.dsportal.qa.testcases.HomePageTest" name="OpenTreePgTest" time="1.834"/>
</testsuite> <!-- FireFOx -->
