<?xml version="1.0" encoding="UTF-8"?>
<!-- Generated by org.testng.reporters.JUnitXMLReporter -->
<testsuite ignored="9" hostname="DESKTOP-UBR0902" failures="2" tests="34" name="Test" time="114.769" errors="0" timestamp="2022-06-09T14:13:19 CDT">
  <testcase classname="com.dsportal.qa.testcases.GetStartedPageTest" name="titlevalidation" time="0.071"/>
  <testcase classname="com.dsportal.qa.testcases.GetStartedPageTest" name="LandonHomePage" time="2.606"/>
  <testcase classname="com.dsportal.qa.testcases.HomePageTest" name="HomepgtitleValidationTest" time="0.016"/>
  <testcase classname="com.dsportal.qa.testcases.HomePageTest" name="clickonDropdownTest" time="0.143"/>
  <testcase classname="com.dsportal.qa.testcases.HomePageTest" name="ClickWithoutLoginTest" time="0.419"/>
  <testcase classname="com.dsportal.qa.testcases.HomePageTest" name="OpenRegPageTest" time="0.203"/>
  <testcase classname="com.dsportal.qa.testcases.HomePageTest" name="ConfirmRegitrationTest" time="0.851">
    <failure type="java.lang.AssertionError" message="expected [New Account Created. You are logged in as SDETAutomation9900] but found [password_mismatch:The two password fields didn’t match.]">
      <![CDATA[java.lang.AssertionError: expected [New Account Created. You are logged in as SDETAutomation9900] but found [password_mismatch:The two password fields didn’t match.]
at com.dsportal.qa.testcases.HomePageTest.ConfirmRegitrationTest(HomePageTest.java:90)
at java.base/java.util.ArrayList.forEach(ArrayList.java:1511)
... Removed 33 stack frames]]>
    </failure>
  </testcase> <!-- ConfirmRegitrationTest -->
  <testcase classname="com.dsportal.qa.testcases.HomePageTest" name="OpenSignInPageTest" time="0.2"/>
  <testcase classname="com.dsportal.qa.testcases.HomePageTest" name="UserSigninValidationTest" time="0.943"/>
  <testcase classname="com.dsportal.qa.testcases.HomePageTest" name="VerifyUsernameTest" time="0.913"/>
  <testcase classname="com.dsportal.qa.testcases.HomePageTest" name="OpenQueuePgTest" time="1.253"/>
  <testcase classname="com.dsportal.qa.testcases.HomePageTest" name="OpenTreePgTest" time="1.317"/>
  <testcase classname="com.dsportal.qa.testcases.SignInPageTest" name="UserSignInWithInvalidInputTest" time="3.078"/>
  <testcase classname="com.dsportal.qa.testcases.SignInPageTest" name="SignInPgValidationTest" time="0.015"/>
  <testcase classname="com.dsportal.qa.testcases.SignInPageTest" name="SignInWithBlankFieldsTest" time="0.244"/>
  <testcase classname="com.dsportal.qa.testcases.SignInPageTest" name="SignInWithUsernmBlankTest" time="0.282"/>
  <testcase classname="com.dsportal.qa.testcases.SignInPageTest" name="SignInWithPwdBlankTest" time="0.316"/>
  <testcase classname="com.dsportal.qa.testcases.SignInPageTest" name="UserSignIn" time="0.812"/>
  <testcase classname="com.dsportal.qa.testcases.RegPageTest" name="RegPgTitleValidationTest" time="0.012"/>
  <testcase classname="com.dsportal.qa.testcases.RegPageTest" name="RegWithoutInputTest" time="0.264"/>
  <testcase classname="com.dsportal.qa.testcases.RegPageTest" name="RegWithUsernmOnlyTest" time="0.369"/>
  <testcase classname="com.dsportal.qa.testcases.RegPageTest" name="InvUsernmTest" time="0.509"/>
  <testcase classname="com.dsportal.qa.testcases.RegPageTest" name="RegisterWithPasswdNumbersTest" time="0.534"/>
  <testcase classname="com.dsportal.qa.testcases.RegPageTest" name="RegisterValidUserTest" time="0.598">
    <failure type="java.lang.AssertionError" message="expected [New Account Created. You are logged in as SDETAutomation9900] but found [password_mismatch:The two password fields didn’t match.]">
      <![CDATA[java.lang.AssertionError: expected [New Account Created. You are logged in as SDETAutomation9900] but found [password_mismatch:The two password fields didn’t match.]
at com.dsportal.qa.testcases.RegPageTest.RegisterValidUserTest(RegPageTest.java:99)
at java.base/java.util.ArrayList.forEach(ArrayList.java:1511)
... Removed 33 stack frames]]>
    </failure>
  </testcase> <!-- RegisterValidUserTest -->
  <testcase classname="com.dsportal.qa.testcases.QueuePageTest" name="ValidationOfQueuePgTest" time="0.008"/>
  <testcase classname="com.dsportal.qa.testcases.QueuePageTest" name="OpenImplimentationOfQueueTest" time="0.376"/>
  <testcase classname="com.dsportal.qa.testcases.QueuePageTest" name="OpenCollectiondqueueTest" time="0.262"/>
  <testcase classname="com.dsportal.qa.testcases.QueuePageTest" name="OpenImplimentationUsingArrayTest" time="0.25"/>
  <testcase classname="com.dsportal.qa.testcases.QueuePageTest" name="OpenQueueOperationsTest" time="0.235"/>
  <testcase classname="com.dsportal.qa.testcases.ImplimentationOfQueuePgTest" name="ImplOfQueueEditorTest" time="1.046"/>
  <testcase classname="com.dsportal.qa.testcases.CollectiondqueuePgTest" name="CollectionDqueueEditorTest" time="1.009"/>
  <testcase classname="com.dsportal.qa.testcases.ImplimentationUsingArrayPgTest" name="ImplOfQueueEditorTest" time="1.148"/>
  <testcase classname="com.dsportal.qa.testcases.QueueOperationsPgTest" name="QueueOperationEditorTest" time="1.259"/>
  <testcase classname="com.dsportal.qa.testcases.PracticeQuePgTest" name="ValidationOfPracticeQuePgTest" time="0.016"/>
  <testcase classname="com.dsportal.qa.base.TestBase" name="@BeforeSuite initialization" time="0.0">
    <ignored/>
  </testcase> <!-- @BeforeSuite initialization -->
  <testcase classname="com.dsportal.qa.base.TestBase" name="@BeforeSuite initialization" time="0.0">
    <ignored/>
  </testcase> <!-- @BeforeSuite initialization -->
  <testcase classname="com.dsportal.qa.base.TestBase" name="@BeforeSuite initialization" time="0.0">
    <ignored/>
  </testcase> <!-- @BeforeSuite initialization -->
  <testcase classname="com.dsportal.qa.base.TestBase" name="@BeforeSuite initialization" time="0.0">
    <ignored/>
  </testcase> <!-- @BeforeSuite initialization -->
  <testcase classname="com.dsportal.qa.base.TestBase" name="@BeforeSuite initialization" time="0.0">
    <ignored/>
  </testcase> <!-- @BeforeSuite initialization -->
  <testcase classname="com.dsportal.qa.base.TestBase" name="@BeforeSuite initialization" time="0.0">
    <ignored/>
  </testcase> <!-- @BeforeSuite initialization -->
  <testcase classname="com.dsportal.qa.base.TestBase" name="@BeforeSuite initialization" time="0.0">
    <ignored/>
  </testcase> <!-- @BeforeSuite initialization -->
  <testcase classname="com.dsportal.qa.base.TestBase" name="@BeforeSuite initialization" time="0.0">
    <ignored/>
  </testcase> <!-- @BeforeSuite initialization -->
  <testcase classname="com.dsportal.qa.base.TestBase" name="@BeforeSuite initialization" time="0.0">
    <ignored/>
  </testcase> <!-- @BeforeSuite initialization -->
</testsuite> <!-- Test -->
