<?xml version="1.0" encoding="UTF-8"?>
<!-- Generated by org.testng.reporters.JUnitXMLReporter -->
<testsuite ignored="0" hostname="DESKTOP-UBR0902" failures="0" tests="8" name="Test2" time="8.002" errors="0" timestamp="2022-06-09T13:13:43 CDT">
  <testcase classname="com.dsportal.qa.testcases.SignInPageTest" name="@BeforeMethod Setup" time="3.405">
    <failure type="org.openqa.selenium.NoSuchSessionException" message="invalid session id
Build info: version: &amp;apos;4.1.3&amp;apos;, revision: &amp;apos;7b1ebf28ef&amp;apos;
System info: host: &amp;apos;DESKTOP-UBR0902&amp;apos;, ip: &amp;apos;192.168.0.23&amp;apos;, os.name: &amp;apos;Windows 11&amp;apos;, os.arch: &amp;apos;amd64&amp;apos;, os.version: &amp;apos;10.0&amp;apos;, java.version: &amp;apos;17.0.2&amp;apos;
Driver info: org.openqa.selenium.chrome.ChromeDriver
Command: [cf914e3313892e2c575c6a359df55b56, findElement {using=link text, value=Sign in}]
Capabilities {acceptInsecureCerts: false, browserName: chrome, browserVersion: 101.0.4951.67, chrome: {chromedriverVersion: 101.0.4951.41 (93c720db8323..., userDataDir: C:\Users\rupal\AppData\Loca...}, goog:chromeOptions: {debuggerAddress: localhost:56421}, javascriptEnabled: true, networkConnectionEnabled: false, pageLoadStrategy: normal, platform: WINDOWS, platformName: WINDOWS, proxy: Proxy(), se:cdp: ws://localhost:56421/devtoo..., se:cdpVersion: 101.0.4951.67, setWindowRect: true, strictFileInteractability: false, timeouts: {implicit: 0, pageLoad: 300000, script: 30000}, unhandledPromptBehavior: dismiss and notify, webauthn:extension:credBlob: true, webauthn:extension:largeBlob: true, webauthn:virtualAuthenticators: true}
Session ID: cf914e3313892e2c575c6a359df55b56">
      <![CDATA[org.openqa.selenium.NoSuchSessionException: invalid session id
Build info: version: '4.1.3', revision: '7b1ebf28ef'
System info: host: 'DESKTOP-UBR0902', ip: '192.168.0.23', os.name: 'Windows 11', os.arch: 'amd64', os.version: '10.0', java.version: '17.0.2'
Driver info: org.openqa.selenium.chrome.ChromeDriver
Command: [cf914e3313892e2c575c6a359df55b56, findElement {using=link text, value=Sign in}]
Capabilities {acceptInsecureCerts: false, browserName: chrome, browserVersion: 101.0.4951.67, chrome: {chromedriverVersion: 101.0.4951.41 (93c720db8323..., userDataDir: C:\Users\rupal\AppData\Loca...}, goog:chromeOptions: {debuggerAddress: localhost:56421}, javascriptEnabled: true, networkConnectionEnabled: false, pageLoadStrategy: normal, platform: WINDOWS, platformName: WINDOWS, proxy: Proxy(), se:cdp: ws://localhost:56421/devtoo..., se:cdpVersion: 101.0.4951.67, setWindowRect: true, strictFileInteractability: false, timeouts: {implicit: 0, pageLoad: 300000, script: 30000}, unhandledPromptBehavior: dismiss and notify, webauthn:extension:credBlob: true, webauthn:extension:largeBlob: true, webauthn:virtualAuthenticators: true}
Session ID: cf914e3313892e2c575c6a359df55b56
at org.openqa.selenium.remote.codec.w3c.W3CHttpResponseCodec.createException(W3CHttpResponseCodec.java:200)
at org.openqa.selenium.remote.codec.w3c.W3CHttpResponseCodec.decode(W3CHttpResponseCodec.java:133)
at org.openqa.selenium.remote.codec.w3c.W3CHttpResponseCodec.decode(W3CHttpResponseCodec.java:53)
at org.openqa.selenium.remote.HttpCommandExecutor.execute(HttpCommandExecutor.java:184)
at org.openqa.selenium.remote.service.DriverCommandExecutor.invokeExecute(DriverCommandExecutor.java:167)
at org.openqa.selenium.remote.service.DriverCommandExecutor.execute(DriverCommandExecutor.java:142)
at org.openqa.selenium.remote.RemoteWebDriver.execute(RemoteWebDriver.java:567)
at org.openqa.selenium.remote.ElementLocation$ElementFinder$2.findElement(ElementLocation.java:162)
at org.openqa.selenium.remote.ElementLocation.findElement(ElementLocation.java:60)
at org.openqa.selenium.remote.RemoteWebDriver.findElement(RemoteWebDriver.java:385)
at org.openqa.selenium.remote.RemoteWebDriver.findElement(RemoteWebDriver.java:377)
at org.openqa.selenium.support.pagefactory.DefaultElementLocator.findElement(DefaultElementLocator.java:70)
at org.openqa.selenium.support.pagefactory.internal.LocatingElementHandler.invoke(LocatingElementHandler.java:39)
at jdk.proxy2/jdk.proxy2.$Proxy19.click(Unknown Source)
at com.dsportal.qa.pages.HomePage.OpenSignInPage(HomePage.java:104)
at com.dsportal.qa.testcases.SignInPageTest.Setup(SignInPageTest.java:38)
at java.base/java.util.concurrent.ThreadPoolExecutor.runWorker(ThreadPoolExecutor.java:1136)
at java.base/java.util.concurrent.ThreadPoolExecutor$Worker.run(ThreadPoolExecutor.java:635)
at java.base/java.lang.Thread.run(Thread.java:833)
... Removed 21 stack frames]]>
    </failure>
  </testcase> <!-- @BeforeMethod Setup -->
  <testcase classname="com.dsportal.qa.testcases.SignInPageTest" name="@AfterMethod teardown" time="-1.654798418694E9">
    <skipped/>
  </testcase> <!-- @AfterMethod teardown -->
  <testcase classname="com.dsportal.qa.testcases.SignInPageTest" name="@BeforeMethod Setup" time="-1.654798418699E9">
    <skipped/>
  </testcase> <!-- @BeforeMethod Setup -->
  <testcase classname="com.dsportal.qa.testcases.SignInPageTest" name="@AfterMethod teardown" time="-1.654798418713E9">
    <skipped/>
  </testcase> <!-- @AfterMethod teardown -->
  <testcase classname="com.dsportal.qa.testcases.SignInPageTest" name="@BeforeMethod Setup" time="-1.654798418718E9">
    <skipped/>
  </testcase> <!-- @BeforeMethod Setup -->
  <testcase classname="com.dsportal.qa.testcases.SignInPageTest" name="@AfterMethod teardown" time="-1.654798418736E9">
    <skipped/>
  </testcase> <!-- @AfterMethod teardown -->
  <testcase classname="com.dsportal.qa.testcases.SignInPageTest" name="@BeforeMethod Setup" time="-1.65479841874E9">
    <skipped/>
  </testcase> <!-- @BeforeMethod Setup -->
  <testcase classname="com.dsportal.qa.testcases.SignInPageTest" name="@AfterMethod teardown" time="-1.654798418753E9">
    <skipped/>
  </testcase> <!-- @AfterMethod teardown -->
  <testcase classname="com.dsportal.qa.testcases.SignInPageTest" name="@BeforeMethod Setup" time="-1.654798418759E9">
    <skipped/>
  </testcase> <!-- @BeforeMethod Setup -->
  <testcase classname="com.dsportal.qa.testcases.SignInPageTest" name="@AfterMethod teardown" time="-1.654798418779E9">
    <skipped/>
  </testcase> <!-- @AfterMethod teardown -->
  <testcase classname="com.dsportal.qa.testcases.SignInPageTest" name="@BeforeMethod Setup" time="-1.654798418784E9">
    <skipped/>
  </testcase> <!-- @BeforeMethod Setup -->
  <testcase classname="com.dsportal.qa.testcases.SignInPageTest" name="@AfterMethod teardown" time="-1.654798418797E9">
    <skipped/>
  </testcase> <!-- @AfterMethod teardown -->
  <testcase classname="com.dsportal.qa.testcases.GetStartedPageTest" name="titlevalidation" time="0.08"/>
  <testcase classname="com.dsportal.qa.testcases.SignInPageTest" name="UserSignInWithInvalidInputTest" time="0.0">
    <skipped/>
  </testcase> <!-- UserSignInWithInvalidInputTest -->
  <testcase classname="com.dsportal.qa.testcases.SignInPageTest" name="SignInPgValidationTest" time="0.0">
    <skipped/>
  </testcase> <!-- SignInPgValidationTest -->
  <testcase classname="com.dsportal.qa.testcases.SignInPageTest" name="SignInWithBlankFieldsTest" time="0.0">
    <skipped/>
  </testcase> <!-- SignInWithBlankFieldsTest -->
  <testcase classname="com.dsportal.qa.testcases.SignInPageTest" name="SignInWithUsernmBlankTest" time="0.0">
    <skipped/>
  </testcase> <!-- SignInWithUsernmBlankTest -->
  <testcase classname="com.dsportal.qa.testcases.SignInPageTest" name="SignInWithPwdBlankTest" time="0.0">
    <skipped/>
  </testcase> <!-- SignInWithPwdBlankTest -->
  <testcase classname="com.dsportal.qa.testcases.SignInPageTest" name="UserSignIn" time="0.0">
    <skipped/>
  </testcase> <!-- UserSignIn -->
  <testcase classname="com.dsportal.qa.testcases.GetStartedPageTest" name="LandonHomePage" time="2.681"/>
</testsuite> <!-- Test2 -->
