<?xml version="1.0" encoding="UTF-8"?>
<!-- Generated by org.testng.reporters.JUnitXMLReporter -->
<testsuite ignored="0" hostname="DESKTOP-UBR0902" failures="1" tests="8" name="Test1" time="14.158" errors="0" timestamp="2022-06-09T14:27:38 CDT">
  <testcase classname="com.dsportal.qa.testcases.SignInPageTest" name="@BeforeMethod Setup" time="10.151">
    <failure type="org.openqa.selenium.NoSuchSessionException" message="invalid session id
Build info: version: &amp;apos;4.1.3&amp;apos;, revision: &amp;apos;7b1ebf28ef&amp;apos;
System info: host: &amp;apos;DESKTOP-UBR0902&amp;apos;, ip: &amp;apos;192.168.0.23&amp;apos;, os.name: &amp;apos;Windows 11&amp;apos;, os.arch: &amp;apos;amd64&amp;apos;, os.version: &amp;apos;10.0&amp;apos;, java.version: &amp;apos;17.0.2&amp;apos;
Driver info: org.openqa.selenium.chrome.ChromeDriver
Command: [b795bb374068157022fd458919d19056, findElement {using=link text, value=Sign in}]
Capabilities {acceptInsecureCerts: false, browserName: chrome, browserVersion: 101.0.4951.67, chrome: {chromedriverVersion: 101.0.4951.41 (93c720db8323..., userDataDir: C:\Users\rupal\AppData\Loca...}, goog:chromeOptions: {debuggerAddress: localhost:65121}, javascriptEnabled: true, networkConnectionEnabled: false, pageLoadStrategy: normal, platform: WINDOWS, platformName: WINDOWS, proxy: Proxy(), se:cdp: ws://localhost:65121/devtoo..., se:cdpVersion: 101.0.4951.67, setWindowRect: true, strictFileInteractability: false, timeouts: {implicit: 0, pageLoad: 300000, script: 30000}, unhandledPromptBehavior: dismiss and notify, webauthn:extension:credBlob: true, webauthn:extension:largeBlob: true, webauthn:virtualAuthenticators: true}
Session ID: b795bb374068157022fd458919d19056">
      <![CDATA[org.openqa.selenium.NoSuchSessionException: invalid session id
Build info: version: '4.1.3', revision: '7b1ebf28ef'
System info: host: 'DESKTOP-UBR0902', ip: '192.168.0.23', os.name: 'Windows 11', os.arch: 'amd64', os.version: '10.0', java.version: '17.0.2'
Driver info: org.openqa.selenium.chrome.ChromeDriver
Command: [b795bb374068157022fd458919d19056, findElement {using=link text, value=Sign in}]
Capabilities {acceptInsecureCerts: false, browserName: chrome, browserVersion: 101.0.4951.67, chrome: {chromedriverVersion: 101.0.4951.41 (93c720db8323..., userDataDir: C:\Users\rupal\AppData\Loca...}, goog:chromeOptions: {debuggerAddress: localhost:65121}, javascriptEnabled: true, networkConnectionEnabled: false, pageLoadStrategy: normal, platform: WINDOWS, platformName: WINDOWS, proxy: Proxy(), se:cdp: ws://localhost:65121/devtoo..., se:cdpVersion: 101.0.4951.67, setWindowRect: true, strictFileInteractability: false, timeouts: {implicit: 0, pageLoad: 300000, script: 30000}, unhandledPromptBehavior: dismiss and notify, webauthn:extension:credBlob: true, webauthn:extension:largeBlob: true, webauthn:virtualAuthenticators: true}
Session ID: b795bb374068157022fd458919d19056
at org.openqa.selenium.remote.codec.w3c.W3CHttpResponseCodec.createException(W3CHttpResponseCodec.java:200)
at org.openqa.selenium.remote.codec.w3c.W3CHttpResponseCodec.decode(W3CHttpResponseCodec.java:133)
at org.openqa.selenium.remote.codec.w3c.W3CHttpResponseCodec.decode(W3CHttpResponseCodec.java:53)
at org.openqa.selenium.remote.HttpCommandExecutor.execute(HttpCommandExecutor.java:184)
at org.openqa.selenium.remote.service.DriverCommandExecutor.invokeExecute(DriverCommandExecutor.java:167)
at org.openqa.selenium.remote.service.DriverCommandExecutor.execute(DriverCommandExecutor.java:142)
at org.openqa.selenium.remote.RemoteWebDriver.execute(RemoteWebDriver.java:567)
at org.openqa.selenium.remote.ElementLocation$ElementFinder$2.findElement(ElementLocation.java:162)
at org.openqa.selenium.remote.ElementLocation.findElement(ElementLocation.java:60)
at org.openqa.selenium.remote.RemoteWebDriver.findElement(RemoteWebDriver.java:385)
at org.openqa.selenium.remote.RemoteWebDriver.findElement(RemoteWebDriver.java:377)
at org.openqa.selenium.support.pagefactory.DefaultElementLocator.findElement(DefaultElementLocator.java:70)
at org.openqa.selenium.support.pagefactory.internal.LocatingElementHandler.invoke(LocatingElementHandler.java:39)
at jdk.proxy2/jdk.proxy2.$Proxy19.click(Unknown Source)
at com.dsportal.qa.pages.HomePage.OpenSignInPage(HomePage.java:104)
at com.dsportal.qa.testcases.SignInPageTest.Setup(SignInPageTest.java:38)
at java.base/java.util.concurrent.ThreadPoolExecutor.runWorker(ThreadPoolExecutor.java:1136)
at java.base/java.util.concurrent.ThreadPoolExecutor$Worker.run(ThreadPoolExecutor.java:635)
at java.base/java.lang.Thread.run(Thread.java:833)
... Removed 21 stack frames]]>
    </failure>
  </testcase> <!-- @BeforeMethod Setup -->
  <testcase classname="com.dsportal.qa.testcases.SignInPageTest" name="@AfterMethod teardown" time="-1.654802854837E9">
    <skipped/>
  </testcase> <!-- @AfterMethod teardown -->
  <testcase classname="com.dsportal.qa.testcases.SignInPageTest" name="@AfterMethod teardown" time="-1.654802858612E9">
    <skipped/>
  </testcase> <!-- @AfterMethod teardown -->
  <testcase classname="com.dsportal.qa.testcases.SignInPageTest" name="@BeforeMethod Setup" time="-1.654802858619E9">
    <skipped/>
  </testcase> <!-- @BeforeMethod Setup -->
  <testcase classname="com.dsportal.qa.testcases.SignInPageTest" name="@AfterMethod teardown" time="-1.654802858642E9">
    <skipped/>
  </testcase> <!-- @AfterMethod teardown -->
  <testcase classname="com.dsportal.qa.testcases.SignInPageTest" name="@BeforeMethod Setup" time="-1.654802858648E9">
    <skipped/>
  </testcase> <!-- @BeforeMethod Setup -->
  <testcase classname="com.dsportal.qa.testcases.SignInPageTest" name="@AfterMethod teardown" time="-1.654802858664E9">
    <skipped/>
  </testcase> <!-- @AfterMethod teardown -->
  <testcase classname="com.dsportal.qa.testcases.SignInPageTest" name="@BeforeMethod Setup" time="-1.65480285867E9">
    <skipped/>
  </testcase> <!-- @BeforeMethod Setup -->
  <testcase classname="com.dsportal.qa.testcases.SignInPageTest" name="@BeforeMethod Setup" time="-1.654802858679E9">
    <skipped/>
  </testcase> <!-- @BeforeMethod Setup -->
  <testcase classname="com.dsportal.qa.testcases.SignInPageTest" name="@AfterMethod teardown" time="-1.654802858697E9">
    <skipped/>
  </testcase> <!-- @AfterMethod teardown -->
  <testcase classname="com.dsportal.qa.testcases.SignInPageTest" name="@AfterMethod teardown" time="-1.654802858703E9">
    <skipped/>
  </testcase> <!-- @AfterMethod teardown -->
  <testcase classname="com.dsportal.qa.testcases.GetStartedPageTest" name="titlevalidation" time="0.132"/>
  <testcase classname="com.dsportal.qa.testcases.SignInPageTest" name="UserSignInWithInvalidInputTest" time="0.0">
    <skipped/>
  </testcase> <!-- UserSignInWithInvalidInputTest -->
  <testcase classname="com.dsportal.qa.testcases.GetStartedPageTest" name="LandonHomePage" time="0.645">
    <failure type="org.openqa.selenium.StaleElementReferenceException" message="stale element reference: element is not attached to the page document
  (Session info: chrome=101.0.4951.67)
For documentation on this error, please visit: https://selenium.dev/exceptions/#stale_element_reference
Build info: version: &amp;apos;4.1.3&amp;apos;, revision: &amp;apos;7b1ebf28ef&amp;apos;
System info: host: &amp;apos;DESKTOP-UBR0902&amp;apos;, ip: &amp;apos;192.168.0.23&amp;apos;, os.name: &amp;apos;Windows 11&amp;apos;, os.arch: &amp;apos;amd64&amp;apos;, os.version: &amp;apos;10.0&amp;apos;, java.version: &amp;apos;17.0.2&amp;apos;
Driver info: org.openqa.selenium.chrome.ChromeDriver
Command: [6c25c0e831db9b8727a3d71fe6380d5f, clickElement {id=24fe26f9-85d4-40ec-952c-e4eb72c4f078}]
Capabilities {acceptInsecureCerts: false, browserName: chrome, browserVersion: 101.0.4951.67, chrome: {chromedriverVersion: 101.0.4951.41 (93c720db8323..., userDataDir: C:\Users\rupal\AppData\Loca...}, goog:chromeOptions: {debuggerAddress: localhost:65209}, javascriptEnabled: true, networkConnectionEnabled: false, pageLoadStrategy: normal, platform: WINDOWS, platformName: WINDOWS, proxy: Proxy(), se:cdp: ws://localhost:65209/devtoo..., se:cdpVersion: 101.0.4951.67, setWindowRect: true, strictFileInteractability: false, timeouts: {implicit: 0, pageLoad: 300000, script: 30000}, unhandledPromptBehavior: dismiss and notify, webauthn:extension:credBlob: true, webauthn:extension:largeBlob: true, webauthn:virtualAuthenticators: true}
Element: [[ChromeDriver: chrome on WINDOWS (6c25c0e831db9b8727a3d71fe6380d5f)] -&amp;gt; tag name: button]
Session ID: 6c25c0e831db9b8727a3d71fe6380d5f">
      <![CDATA[org.openqa.selenium.StaleElementReferenceException: stale element reference: element is not attached to the page document
  (Session info: chrome=101.0.4951.67)
For documentation on this error, please visit: https://selenium.dev/exceptions/#stale_element_reference
Build info: version: '4.1.3', revision: '7b1ebf28ef'
System info: host: 'DESKTOP-UBR0902', ip: '192.168.0.23', os.name: 'Windows 11', os.arch: 'amd64', os.version: '10.0', java.version: '17.0.2'
Driver info: org.openqa.selenium.chrome.ChromeDriver
Command: [6c25c0e831db9b8727a3d71fe6380d5f, clickElement {id=24fe26f9-85d4-40ec-952c-e4eb72c4f078}]
Capabilities {acceptInsecureCerts: false, browserName: chrome, browserVersion: 101.0.4951.67, chrome: {chromedriverVersion: 101.0.4951.41 (93c720db8323..., userDataDir: C:\Users\rupal\AppData\Loca...}, goog:chromeOptions: {debuggerAddress: localhost:65209}, javascriptEnabled: true, networkConnectionEnabled: false, pageLoadStrategy: normal, platform: WINDOWS, platformName: WINDOWS, proxy: Proxy(), se:cdp: ws://localhost:65209/devtoo..., se:cdpVersion: 101.0.4951.67, setWindowRect: true, strictFileInteractability: false, timeouts: {implicit: 0, pageLoad: 300000, script: 30000}, unhandledPromptBehavior: dismiss and notify, webauthn:extension:credBlob: true, webauthn:extension:largeBlob: true, webauthn:virtualAuthenticators: true}
Element: [[ChromeDriver: chrome on WINDOWS (6c25c0e831db9b8727a3d71fe6380d5f)] -> tag name: button]
Session ID: 6c25c0e831db9b8727a3d71fe6380d5f
at org.openqa.selenium.remote.codec.w3c.W3CHttpResponseCodec.createException(W3CHttpResponseCodec.java:200)
at org.openqa.selenium.remote.codec.w3c.W3CHttpResponseCodec.decode(W3CHttpResponseCodec.java:133)
at org.openqa.selenium.remote.codec.w3c.W3CHttpResponseCodec.decode(W3CHttpResponseCodec.java:53)
at org.openqa.selenium.remote.HttpCommandExecutor.execute(HttpCommandExecutor.java:184)
at org.openqa.selenium.remote.service.DriverCommandExecutor.invokeExecute(DriverCommandExecutor.java:167)
at org.openqa.selenium.remote.service.DriverCommandExecutor.execute(DriverCommandExecutor.java:142)
at org.openqa.selenium.remote.RemoteWebDriver.execute(RemoteWebDriver.java:567)
at org.openqa.selenium.remote.RemoteWebElement.execute(RemoteWebElement.java:251)
at org.openqa.selenium.remote.RemoteWebElement.click(RemoteWebElement.java:77)
at org.openqa.selenium.support.pagefactory.internal.LocatingElementHandler.invoke(LocatingElementHandler.java:52)
at jdk.proxy2/jdk.proxy2.$Proxy19.click(Unknown Source)
at com.dsportal.qa.pages.GetStartedPage.GetStarted(GetStartedPage.java:31)
at com.dsportal.qa.testcases.GetStartedPageTest.LandonHomePage(GetStartedPageTest.java:54)
at java.base/java.util.concurrent.ThreadPoolExecutor.runWorker(ThreadPoolExecutor.java:1136)
at java.base/java.util.concurrent.ThreadPoolExecutor$Worker.run(ThreadPoolExecutor.java:635)
at java.base/java.lang.Thread.run(Thread.java:833)
... Removed 21 stack frames]]>
    </failure>
  </testcase> <!-- LandonHomePage -->
  <testcase classname="com.dsportal.qa.testcases.SignInPageTest" name="SignInPgValidationTest" time="0.0">
    <skipped/>
  </testcase> <!-- SignInPgValidationTest -->
  <testcase classname="com.dsportal.qa.testcases.SignInPageTest" name="SignInWithBlankFieldsTest" time="0.0">
    <skipped/>
  </testcase> <!-- SignInWithBlankFieldsTest -->
  <testcase classname="com.dsportal.qa.testcases.SignInPageTest" name="SignInWithUsernmBlankTest" time="0.0">
    <skipped/>
  </testcase> <!-- SignInWithUsernmBlankTest -->
  <testcase classname="com.dsportal.qa.testcases.SignInPageTest" name="SignInWithPwdBlankTest" time="0.0">
    <skipped/>
  </testcase> <!-- SignInWithPwdBlankTest -->
  <testcase classname="com.dsportal.qa.testcases.SignInPageTest" name="UserSignIn" time="0.0">
    <skipped/>
  </testcase> <!-- UserSignIn -->
</testsuite> <!-- Test1 -->
