<?xml version="1.0" encoding="UTF-8"?>
<!-- Generated by org.testng.reporters.JUnitReportReporter -->
<testsuite hostname="DESKTOP-UBR0902" failures="1" tests="10" name="com.dsportal.qa.testcases.HomePageTest" time="27.542" errors="0" timestamp="2022-06-09T14:13:19 CDT" skipped="0">
  <testcase classname="com.dsportal.qa.testcases.HomePageTest" name="HomepgtitleValidationTest" time="2.083"/>
  <system-out/>
  <testcase classname="com.dsportal.qa.testcases.HomePageTest" name="clickonDropdownTest" time="2.264"/>
  <system-out/>
  <testcase classname="com.dsportal.qa.testcases.HomePageTest" name="ClickWithoutLoginTest" time="3.166"/>
  <system-out/>
  <testcase classname="com.dsportal.qa.testcases.HomePageTest" name="OpenRegPageTest" time="2.215"/>
  <system-out/>
  <testcase classname="com.dsportal.qa.testcases.HomePageTest" name="ConfirmRegitrationTest" time="2.988">
    <failure message="expected [New Account Created. You are logged in as SDETAutomation9900] but found [password_mismatch:The two password fields didn’t match.]" type="java.lang.AssertionError">
      <![CDATA[java.lang.AssertionError: expected [New Account Created. You are logged in as SDETAutomation9900] but found [password_mismatch:The two password fields didn’t match.]
at org.testng.Assert.fail(Assert.java:99)
at org.testng.Assert.failNotEquals(Assert.java:1037)
at org.testng.Assert.assertEqualsImpl(Assert.java:140)
at org.testng.Assert.assertEquals(Assert.java:122)
at org.testng.Assert.assertEquals(Assert.java:629)
at org.testng.Assert.assertEquals(Assert.java:639)
at com.dsportal.qa.testcases.HomePageTest.ConfirmRegitrationTest(HomePageTest.java:90)
at java.base/jdk.internal.reflect.NativeMethodAccessorImpl.invoke0(Native Method)
at java.base/jdk.internal.reflect.NativeMethodAccessorImpl.invoke(NativeMethodAccessorImpl.java:77)
at java.base/jdk.internal.reflect.DelegatingMethodAccessorImpl.invoke(DelegatingMethodAccessorImpl.java:43)
at java.base/java.lang.reflect.Method.invoke(Method.java:568)
at org.testng.internal.MethodInvocationHelper.invokeMethod(MethodInvocationHelper.java:133)
at org.testng.internal.TestInvoker.invokeMethod(TestInvoker.java:598)
at org.testng.internal.TestInvoker.invokeTestMethod(TestInvoker.java:173)
at org.testng.internal.MethodRunner.runInSequence(MethodRunner.java:46)
at org.testng.internal.TestInvoker$MethodInvocationAgent.invoke(TestInvoker.java:824)
at org.testng.internal.TestInvoker.invokeTestMethods(TestInvoker.java:146)
at org.testng.internal.TestMethodWorker.invokeTestMethods(TestMethodWorker.java:146)
at org.testng.internal.TestMethodWorker.run(TestMethodWorker.java:128)
at java.base/java.util.ArrayList.forEach(ArrayList.java:1511)
at org.testng.TestRunner.privateRun(TestRunner.java:794)
at org.testng.TestRunner.run(TestRunner.java:596)
at org.testng.SuiteRunner.runTest(SuiteRunner.java:377)
at org.testng.SuiteRunner.runSequentially(SuiteRunner.java:371)
at org.testng.SuiteRunner.privateRun(SuiteRunner.java:332)
at org.testng.SuiteRunner.run(SuiteRunner.java:276)
at org.testng.SuiteRunnerWorker.runSuite(SuiteRunnerWorker.java:53)
at org.testng.SuiteRunnerWorker.run(SuiteRunnerWorker.java:96)
at org.testng.TestNG.runSuitesSequentially(TestNG.java:1212)
at org.testng.TestNG.runSuitesLocally(TestNG.java:1134)
at org.testng.TestNG.runSuites(TestNG.java:1063)
at org.testng.TestNG.run(TestNG.java:1031)
at org.testng.remote.AbstractRemoteTestNG.run(AbstractRemoteTestNG.java:115)
at org.testng.remote.RemoteTestNG.initAndRun(RemoteTestNG.java:251)
at org.testng.remote.RemoteTestNG.main(RemoteTestNG.java:77)
]]>
    </failure>
  </testcase> <!-- ConfirmRegitrationTest -->
  <system-out/>
  <testcase classname="com.dsportal.qa.testcases.HomePageTest" name="OpenSignInPageTest" time="2.132"/>
  <system-out/>
  <testcase classname="com.dsportal.qa.testcases.HomePageTest" name="UserSigninValidationTest" time="2.986"/>
  <system-out/>
  <testcase classname="com.dsportal.qa.testcases.HomePageTest" name="VerifyUsernameTest" time="3.043"/>
  <system-out/>
  <testcase classname="com.dsportal.qa.testcases.HomePageTest" name="OpenQueuePgTest" time="3.359"/>
  <system-out/>
  <testcase classname="com.dsportal.qa.testcases.HomePageTest" name="OpenTreePgTest" time="3.306"/>
  <system-out/>
</testsuite> <!-- com.dsportal.qa.testcases.HomePageTest -->
